<?xml version="1.0" encoding="UTF-8"?>
<!-- Generated by org.testng.reporters.JUnitReportReporter -->
<testsuite skipped="0" hostname="Hemal" name="com.automationpractice.AppTest" tests="1" failures="0" timestamp="22 Dec 2021 19:03:47 GMT" time="0.016" errors="0">
  <testcase name="shouldAnswerWithTrue" time="0.016" classname="com.automationpractice.AppTest"/>
</testsuite> <!-- com.automationpractice.AppTest -->
